SF:lib\main.dart
DA:5,0
DA:6,0
DA:10,2
DA:11,1
LF:4
LH:2
end_of_record
SF:lib\exercises\main_page_1.dart
DA:13,1
DA:15,1
DA:16,1
DA:30,1
DA:32,1
DA:33,1
DA:34,1
DA:38,1
DA:39,1
DA:41,1
DA:42,0
DA:43,0
DA:45,1
DA:47,1
DA:49,3
DA:50,1
DA:52,1
DA:65,1
DA:66,0
DA:67,0
DA:69,1
DA:71,2
DA:73,0
DA:75,0
DA:76,0
DA:78,0
DA:91,1
DA:93,1
DA:96,3
DA:97,1
DA:99,1
DA:100,2
DA:102,2
DA:106,0
DA:107,0
DA:117,0
DA:118,0
DA:119,0
DA:122,0
DA:124,0
DA:125,0
DA:127,0
DA:128,0
DA:130,0
DA:132,0
DA:133,0
DA:134,0
DA:135,0
DA:138,0
DA:139,0
DA:143,0
DA:144,0
DA:145,0
DA:146,0
DA:147,0
DA:150,0
DA:151,0
LF:57
LH:25
end_of_record
SF:lib\exercises\ob.dart
DA:6,0
DA:8,0
DA:9,0
LF:3
LH:0
end_of_record
SF:lib\pages\home_page.dart
DA:12,0
DA:14,0
DA:15,0
DA:26,0
DA:28,0
DA:29,0
DA:33,0
DA:34,0
DA:36,0
DA:37,0
DA:38,0
DA:40,0
DA:42,0
DA:44,0
DA:46,0
DA:59,0
DA:60,0
DA:61,0
DA:63,0
DA:65,0
DA:67,0
DA:69,0
DA:82,0
DA:84,0
DA:87,0
DA:88,0
DA:90,0
DA:91,0
DA:98,0
DA:102,0
DA:103,0
DA:113,0
DA:114,0
DA:115,0
DA:118,0
DA:119,0
DA:120,0
DA:122,0
DA:123,0
DA:124,0
DA:126,0
DA:127,0
DA:128,0
DA:131,0
DA:132,0
DA:133,0
DA:137,0
DA:141,0
DA:142,0
DA:143,0
DA:144,0
DA:145,0
DA:146,0
DA:147,0
DA:150,0
DA:152,0
LF:56
LH:0
end_of_record
SF:lib\obj\dog_obj.dart
DA:6,0
DA:8,0
DA:9,0
LF:3
LH:0
end_of_record
